<html>
<head>
<title>TestNG:  Smoke Test</title>
<link href="../testng.css" rel="stylesheet" type="text/css" />
<link href="../my-testng.css" rel="stylesheet" type="text/css" />

<style type="text/css">
.log { display: none;} 
.stack-trace { display: none;} 
</style>
<script type="text/javascript">
<!--
function flip(e) {
  current = e.style.display;
  if (current == 'block') {
    e.style.display = 'none';
    return 0;
  }
  else {
    e.style.display = 'block';
    return 1;
  }
}

function toggleBox(szDivId, elem, msg1, msg2)
{
  var res = -1;  if (document.getElementById) {
    res = flip(document.getElementById(szDivId));
  }
  else if (document.all) {
    // this is the way old msie versions work
    res = flip(document.all[szDivId]);
  }
  if(elem) {
    if(res == 0) elem.innerHTML = msg1; else elem.innerHTML = msg2;
  }

}

function toggleAllBoxes() {
  if (document.getElementsByTagName) {
    d = document.getElementsByTagName('div');
    for (i = 0; i < d.length; i++) {
      if (d[i].className == 'log') {
        flip(d[i]);
      }
    }
  }
}

// -->
</script>

</head>
<body>
<h2 align='center'>Smoke Test</h2><table border='1' align="center">
<tr>
<td>Tests passed/Failed/Skipped:</td><td>17/3/0</td>
</tr><tr>
<td>Started on:</td><td>Fri Apr 24 03:41:14 EDT 2020</td>
</tr>
<tr><td>Total time:</td><td>288 seconds (288214 ms)</td>
</tr><tr>
<td>Included groups:</td><td></td>
</tr><tr>
<td>Excluded groups:</td><td></td>
</tr>
</table><p/>
<small><i>(Hover the method name to see the test class name)</i></small><p/>
<table width='100%' border='1' class='invocation-failed'>
<tr><td colspan='4' align='center'><b>FAILED TESTS</b></td></tr>
<tr><td><b>Test method</b></td>
<td width="30%"><b>Exception</b></td>
<td width="10%"><b>Time (seconds)</b></td>
<td><b>Instance</b></td>
</tr>
<tr>
<td title='com.lexisnexis.cl.q7.tests.LoginTest.validateLoginTitleTest()'><b>validateLoginTitleTest</b><br>Test class: com.lexisnexis.cl.q7.tests.LoginTest</td>
<td><div><pre>java.lang.AssertionError: page title wrong title expected [CounselLinkPage] but found [CounselLink]
	at com.lexisnexis.cl.q7.tests.LoginTest.validateLoginTitleTest(LoginTest.java:32)
... Removed 30 stack frames</pre></div><a href='#' onClick='toggleBox("stack-trace2113748097", this, "Click to show all stack frames", "Click to hide stack frames")'>Click to show all stack frames</a>
<div class='stack-trace' id='stack-trace2113748097'><pre>java.lang.AssertionError: page title wrong title expected [CounselLinkPage] but found [CounselLink]
	at org.testng.Assert.fail(Assert.java:96)
	at org.testng.Assert.failNotEquals(Assert.java:776)
	at org.testng.Assert.assertEqualsImpl(Assert.java:137)
	at org.testng.Assert.assertEquals(Assert.java:118)
	at org.testng.Assert.assertEquals(Assert.java:453)
	at com.lexisnexis.cl.q7.tests.LoginTest.validateLoginTitleTest(LoginTest.java:32)
	at sun.reflect.NativeMethodAccessorImpl.invoke0(Native Method)
	at sun.reflect.NativeMethodAccessorImpl.invoke(Unknown Source)
	at sun.reflect.DelegatingMethodAccessorImpl.invoke(Unknown Source)
	at java.lang.reflect.Method.invoke(Unknown Source)
	at org.testng.internal.MethodInvocationHelper.invokeMethod(MethodInvocationHelper.java:124)
	at org.testng.internal.Invoker.invokeMethod(Invoker.java:583)
	at org.testng.internal.Invoker.invokeTestMethod(Invoker.java:719)
	at org.testng.internal.Invoker.invokeTestMethods(Invoker.java:989)
	at org.testng.internal.TestMethodWorker.invokeTestMethods(TestMethodWorker.java:125)
	at org.testng.internal.TestMethodWorker.run(TestMethodWorker.java:109)
	at org.testng.TestRunner.privateRun(TestRunner.java:648)
	at org.testng.TestRunner.run(TestRunner.java:505)
	at org.testng.SuiteRunner.runTest(SuiteRunner.java:455)
	at org.testng.SuiteRunner.runSequentially(SuiteRunner.java:450)
	at org.testng.SuiteRunner.privateRun(SuiteRunner.java:415)
	at org.testng.SuiteRunner.run(SuiteRunner.java:364)
	at org.testng.SuiteRunnerWorker.runSuite(SuiteRunnerWorker.java:52)
	at org.testng.SuiteRunnerWorker.run(SuiteRunnerWorker.java:84)
	at org.testng.TestNG.runSuitesSequentially(TestNG.java:1208)
	at org.testng.TestNG.runSuitesLocally(TestNG.java:1137)
	at org.testng.TestNG.runSuites(TestNG.java:1049)
	at org.testng.TestNG.run(TestNG.java:1017)
	at org.testng.remote.AbstractRemoteTestNG.run(AbstractRemoteTestNG.java:115)
	at org.testng.remote.RemoteTestNG.initAndRun(RemoteTestNG.java:251)
	at org.testng.remote.RemoteTestNG.main(RemoteTestNG.java:77)
</pre></div></td>
<td>0</td>
<td>com.lexisnexis.cl.q7.tests.LoginTest@29774679</td></tr>
<tr>
<td title='com.lexisnexis.cl.q7.tests.MatterCreationPageTest.verifyCreateMatterTitleTest()'><b>verifyCreateMatterTitleTest</b><br>Test class: com.lexisnexis.cl.q7.tests.MatterCreationPageTest</td>
<td><div><pre>java.lang.AssertionError: something is missing expected [CounselLink - Matt Create] but found [CounselLink]
	at com.lexisnexis.cl.q7.tests.MatterCreationPageTest.verifyCreateMatterTitleTest(MatterCreationPageTest.java:65)
... Removed 30 stack frames</pre></div><a href='#' onClick='toggleBox("stack-trace1584918772", this, "Click to show all stack frames", "Click to hide stack frames")'>Click to show all stack frames</a>
<div class='stack-trace' id='stack-trace1584918772'><pre>java.lang.AssertionError: something is missing expected [CounselLink - Matt Create] but found [CounselLink]
	at org.testng.Assert.fail(Assert.java:96)
	at org.testng.Assert.failNotEquals(Assert.java:776)
	at org.testng.Assert.assertEqualsImpl(Assert.java:137)
	at org.testng.Assert.assertEquals(Assert.java:118)
	at org.testng.Assert.assertEquals(Assert.java:453)
	at com.lexisnexis.cl.q7.tests.MatterCreationPageTest.verifyCreateMatterTitleTest(MatterCreationPageTest.java:65)
	at sun.reflect.NativeMethodAccessorImpl.invoke0(Native Method)
	at sun.reflect.NativeMethodAccessorImpl.invoke(Unknown Source)
	at sun.reflect.DelegatingMethodAccessorImpl.invoke(Unknown Source)
	at java.lang.reflect.Method.invoke(Unknown Source)
	at org.testng.internal.MethodInvocationHelper.invokeMethod(MethodInvocationHelper.java:124)
	at org.testng.internal.Invoker.invokeMethod(Invoker.java:583)
	at org.testng.internal.Invoker.invokeTestMethod(Invoker.java:719)
	at org.testng.internal.Invoker.invokeTestMethods(Invoker.java:989)
	at org.testng.internal.TestMethodWorker.invokeTestMethods(TestMethodWorker.java:125)
	at org.testng.internal.TestMethodWorker.run(TestMethodWorker.java:109)
	at org.testng.TestRunner.privateRun(TestRunner.java:648)
	at org.testng.TestRunner.run(TestRunner.java:505)
	at org.testng.SuiteRunner.runTest(SuiteRunner.java:455)
	at org.testng.SuiteRunner.runSequentially(SuiteRunner.java:450)
	at org.testng.SuiteRunner.privateRun(SuiteRunner.java:415)
	at org.testng.SuiteRunner.run(SuiteRunner.java:364)
	at org.testng.SuiteRunnerWorker.runSuite(SuiteRunnerWorker.java:52)
	at org.testng.SuiteRunnerWorker.run(SuiteRunnerWorker.java:84)
	at org.testng.TestNG.runSuitesSequentially(TestNG.java:1208)
	at org.testng.TestNG.runSuitesLocally(TestNG.java:1137)
	at org.testng.TestNG.runSuites(TestNG.java:1049)
	at org.testng.TestNG.run(TestNG.java:1017)
	at org.testng.remote.AbstractRemoteTestNG.run(AbstractRemoteTestNG.java:115)
	at org.testng.remote.RemoteTestNG.initAndRun(RemoteTestNG.java:251)
	at org.testng.remote.RemoteTestNG.main(RemoteTestNG.java:77)
</pre></div></td>
<td>1</td>
<td>com.lexisnexis.cl.q7.tests.MatterCreationPageTest@68c4039c</td></tr>
<tr>
<td title='com.lexisnexis.cl.q7.tests.UserPageTest.verifyUserpageTitleTest()'><b>verifyUserpageTitleTest</b><br>Test class: com.lexisnexis.cl.q7.tests.UserPageTest</td>
<td><div><pre>java.lang.AssertionError: wrong title fetched expected [CounselLink - Corporate Customer Administration: Individual Viewww] but found [CounselLink - Corporate Customer Administration: Individual View]
	at com.lexisnexis.cl.q7.tests.UserPageTest.verifyUserpageTitleTest(UserPageTest.java:51)
... Removed 30 stack frames</pre></div><a href='#' onClick='toggleBox("stack-trace371440613", this, "Click to show all stack frames", "Click to hide stack frames")'>Click to show all stack frames</a>
<div class='stack-trace' id='stack-trace371440613'><pre>java.lang.AssertionError: wrong title fetched expected [CounselLink - Corporate Customer Administration: Individual Viewww] but found [CounselLink - Corporate Customer Administration: Individual View]
	at org.testng.Assert.fail(Assert.java:96)
	at org.testng.Assert.failNotEquals(Assert.java:776)
	at org.testng.Assert.assertEqualsImpl(Assert.java:137)
	at org.testng.Assert.assertEquals(Assert.java:118)
	at org.testng.Assert.assertEquals(Assert.java:453)
	at com.lexisnexis.cl.q7.tests.UserPageTest.verifyUserpageTitleTest(UserPageTest.java:51)
	at sun.reflect.NativeMethodAccessorImpl.invoke0(Native Method)
	at sun.reflect.NativeMethodAccessorImpl.invoke(Unknown Source)
	at sun.reflect.DelegatingMethodAccessorImpl.invoke(Unknown Source)
	at java.lang.reflect.Method.invoke(Unknown Source)
	at org.testng.internal.MethodInvocationHelper.invokeMethod(MethodInvocationHelper.java:124)
	at org.testng.internal.Invoker.invokeMethod(Invoker.java:583)
	at org.testng.internal.Invoker.invokeTestMethod(Invoker.java:719)
	at org.testng.internal.Invoker.invokeTestMethods(Invoker.java:989)
	at org.testng.internal.TestMethodWorker.invokeTestMethods(TestMethodWorker.java:125)
	at org.testng.internal.TestMethodWorker.run(TestMethodWorker.java:109)
	at org.testng.TestRunner.privateRun(TestRunner.java:648)
	at org.testng.TestRunner.run(TestRunner.java:505)
	at org.testng.SuiteRunner.runTest(SuiteRunner.java:455)
	at org.testng.SuiteRunner.runSequentially(SuiteRunner.java:450)
	at org.testng.SuiteRunner.privateRun(SuiteRunner.java:415)
	at org.testng.SuiteRunner.run(SuiteRunner.java:364)
	at org.testng.SuiteRunnerWorker.runSuite(SuiteRunnerWorker.java:52)
	at org.testng.SuiteRunnerWorker.run(SuiteRunnerWorker.java:84)
	at org.testng.TestNG.runSuitesSequentially(TestNG.java:1208)
	at org.testng.TestNG.runSuitesLocally(TestNG.java:1137)
	at org.testng.TestNG.runSuites(TestNG.java:1049)
	at org.testng.TestNG.run(TestNG.java:1017)
	at org.testng.remote.AbstractRemoteTestNG.run(AbstractRemoteTestNG.java:115)
	at org.testng.remote.RemoteTestNG.initAndRun(RemoteTestNG.java:251)
	at org.testng.remote.RemoteTestNG.main(RemoteTestNG.java:77)
</pre></div></td>
<td>0</td>
<td>com.lexisnexis.cl.q7.tests.UserPageTest@27efef64</td></tr>
</table><p>
<table width='100%' border='1' class='invocation-passed'>
<tr><td colspan='4' align='center'><b>PASSED TESTS</b></td></tr>
<tr><td><b>Test method</b></td>
<td width="30%"><b>Exception</b></td>
<td width="10%"><b>Time (seconds)</b></td>
<td><b>Instance</b></td>
</tr>
<tr>
<td title='com.lexisnexis.cl.q7.tests.CorporateCustomerTest.validateCorporateCustomerTitleTest()'><b>validateCorporateCustomerTitleTest</b><br>Test class: com.lexisnexis.cl.q7.tests.CorporateCustomerTest</td>
<td></td>
<td>0</td>
<td>com.lexisnexis.cl.q7.tests.CorporateCustomerTest@5e5792a0</td></tr>
<tr>
<td title='com.lexisnexis.cl.q7.tests.HomePageTest.validateCorporateSearchLinkTest()'><b>validateCorporateSearchLinkTest</b><br>Test class: com.lexisnexis.cl.q7.tests.HomePageTest</td>
<td></td>
<td>1</td>
<td>com.lexisnexis.cl.q7.tests.HomePageTest@3532ec19</td></tr>
<tr>
<td title='com.lexisnexis.cl.q7.tests.CorporateCustomerTest.validateEnterClientTest()'><b>validateEnterClientTest</b><br>Test class: com.lexisnexis.cl.q7.tests.CorporateCustomerTest</td>
<td></td>
<td>0</td>
<td>com.lexisnexis.cl.q7.tests.CorporateCustomerTest@5e5792a0</td></tr>
<tr>
<td title='com.lexisnexis.cl.q7.tests.HomePageTest.validateHomePageTitleTest()'><b>validateHomePageTitleTest</b><br>Test class: com.lexisnexis.cl.q7.tests.HomePageTest</td>
<td></td>
<td>0</td>
<td>com.lexisnexis.cl.q7.tests.HomePageTest@3532ec19</td></tr>
<tr>
<td title='com.lexisnexis.cl.q7.tests.LoginTest.validateLogin()'><b>validateLogin</b><br>Test class: com.lexisnexis.cl.q7.tests.LoginTest</td>
<td></td>
<td>0</td>
<td>com.lexisnexis.cl.q7.tests.LoginTest@29774679</td></tr>
<tr>
<td title='com.lexisnexis.cl.q7.tests.LoginTest.validateLogoTest()'><b>validateLogoTest</b><br>Test class: com.lexisnexis.cl.q7.tests.LoginTest</td>
<td></td>
<td>0</td>
<td>com.lexisnexis.cl.q7.tests.LoginTest@29774679</td></tr>
<tr>
<td title='com.lexisnexis.cl.q7.tests.MatterListPageTest.verifyCreateMatterLinkTest()'><b>verifyCreateMatterLinkTest</b><br>Test class: com.lexisnexis.cl.q7.tests.MatterListPageTest</td>
<td></td>
<td>1</td>
<td>com.lexisnexis.cl.q7.tests.MatterListPageTest@6f7fd0e6</td></tr>
<tr>
<td title='com.lexisnexis.cl.q7.tests.MatterCreationPageTest.verifyCreationOfMatterTest()'><b>verifyCreationOfMatterTest</b><br>Test class: com.lexisnexis.cl.q7.tests.MatterCreationPageTest</td>
<td></td>
<td>4</td>
<td>com.lexisnexis.cl.q7.tests.MatterCreationPageTest@68c4039c</td></tr>
<tr>
<td title='com.lexisnexis.cl.q7.tests.CustomerListPageTest.verifyCustomerListPageTitleTest()'><b>verifyCustomerListPageTitleTest</b><br>Test class: com.lexisnexis.cl.q7.tests.CustomerListPageTest</td>
<td></td>
<td>0</td>
<td>com.lexisnexis.cl.q7.tests.CustomerListPageTest@ae45eb6</td></tr>
<tr>
<td title='com.lexisnexis.cl.q7.tests.UserPageTest.verifyLoginBtnLinkTest()'><b>verifyLoginBtnLinkTest</b><br>Test class: com.lexisnexis.cl.q7.tests.UserPageTest</td>
<td></td>
<td>6</td>
<td>com.lexisnexis.cl.q7.tests.UserPageTest@27efef64</td></tr>
<tr>
<td title='com.lexisnexis.cl.q7.tests.HomeUserPageTest.verifyMatterLink()'><b>verifyMatterLink</b><br>Test class: com.lexisnexis.cl.q7.tests.HomeUserPageTest</td>
<td></td>
<td>0</td>
<td>com.lexisnexis.cl.q7.tests.HomeUserPageTest@3ffc5af1</td></tr>
<tr>
<td title='com.lexisnexis.cl.q7.tests.OverviewMatterPageTest.verifyMatterNameTest()'><b>verifyMatterNameTest</b><br>Test class: com.lexisnexis.cl.q7.tests.OverviewMatterPageTest</td>
<td></td>
<td>5</td>
<td>com.lexisnexis.cl.q7.tests.OverviewMatterPageTest@26653222</td></tr>
<tr>
<td title='com.lexisnexis.cl.q7.tests.CustomerListPageTest.verifyOfficeLinkTest()'><b>verifyOfficeLinkTest</b><br>Test class: com.lexisnexis.cl.q7.tests.CustomerListPageTest</td>
<td></td>
<td>0</td>
<td>com.lexisnexis.cl.q7.tests.CustomerListPageTest@ae45eb6</td></tr>
<tr>
<td title='com.lexisnexis.cl.q7.tests.OfficePageTest.verifyOfficeTitleTest()'><b>verifyOfficeTitleTest</b><br>Test class: com.lexisnexis.cl.q7.tests.OfficePageTest</td>
<td></td>
<td>0</td>
<td>com.lexisnexis.cl.q7.tests.OfficePageTest@59f99ea</td></tr>
<tr>
<td title='com.lexisnexis.cl.q7.tests.MatterListPageTest.verifyPageHeadingTest()'><b>verifyPageHeadingTest</b><br>Test class: com.lexisnexis.cl.q7.tests.MatterListPageTest</td>
<td></td>
<td>1</td>
<td>com.lexisnexis.cl.q7.tests.MatterListPageTest@6f7fd0e6</td></tr>
<tr>
<td title='com.lexisnexis.cl.q7.tests.OfficePageTest.verifyUserIdLinkTest()'><b>verifyUserIdLinkTest</b><br>Test class: com.lexisnexis.cl.q7.tests.OfficePageTest</td>
<td></td>
<td>0</td>
<td>com.lexisnexis.cl.q7.tests.OfficePageTest@59f99ea</td></tr>
<tr>
<td title='com.lexisnexis.cl.q7.tests.HomeUserPageTest.verifyhomeUserPageTitleTest()'><b>verifyhomeUserPageTitleTest</b><br>Test class: com.lexisnexis.cl.q7.tests.HomeUserPageTest</td>
<td></td>
<td>0</td>
<td>com.lexisnexis.cl.q7.tests.HomeUserPageTest@3ffc5af1</td></tr>
</table><p>
</body>
</html>