<?xml version="1.0" encoding="UTF-8"?>
<!-- Generated by org.testng.reporters.JUnitXMLReporter -->
<testsuite hostname="LNGDAYV-1040192" ignored="0" name="Smoke Test" tests="20" failures="3" timestamp="24 Apr 2020 07:46:03 GMT" time="288.214" errors="0">
  <testcase name="validateLoginTitleTest" time="0.09" classname="com.lexisnexis.cl.q7.tests.LoginTest">
    <failure type="java.lang.AssertionError" message="page title wrong title expected [CounselLinkPage] but found [CounselLink]">
      <![CDATA[java.lang.AssertionError: page title wrong title expected [CounselLinkPage] but found [CounselLink]
at com.lexisnexis.cl.q7.tests.LoginTest.validateLoginTitleTest(LoginTest.java:32)
... Removed 30 stack frames]]>
    </failure>
  </testcase> <!-- validateLoginTitleTest -->
  <testcase name="verifyhomeUserPageTitleTest" time="0.144" classname="com.lexisnexis.cl.q7.tests.HomeUserPageTest"/>
  <testcase name="validateCorporateCustomerTitleTest" time="0.108" classname="com.lexisnexis.cl.q7.tests.CorporateCustomerTest"/>
  <testcase name="verifyMatterNameTest" time="5.415" classname="com.lexisnexis.cl.q7.tests.OverviewMatterPageTest"/>
  <testcase name="validateHomePageTitleTest" time="0.013" classname="com.lexisnexis.cl.q7.tests.HomePageTest"/>
  <testcase name="verifyCreateMatterTitleTest" time="1.14" classname="com.lexisnexis.cl.q7.tests.MatterCreationPageTest">
    <failure type="java.lang.AssertionError" message="something is missing expected [CounselLink - Matt Create] but found [CounselLink]">
      <![CDATA[java.lang.AssertionError: something is missing expected [CounselLink - Matt Create] but found [CounselLink]
at com.lexisnexis.cl.q7.tests.MatterCreationPageTest.verifyCreateMatterTitleTest(MatterCreationPageTest.java:65)
... Removed 30 stack frames]]>
    </failure>
  </testcase> <!-- verifyCreateMatterTitleTest -->
  <testcase name="verifyCustomerListPageTitleTest" time="0.02" classname="com.lexisnexis.cl.q7.tests.CustomerListPageTest"/>
  <testcase name="verifyOfficeTitleTest" time="0.015" classname="com.lexisnexis.cl.q7.tests.OfficePageTest"/>
  <testcase name="verifyUserpageTitleTest" time="0.03" classname="com.lexisnexis.cl.q7.tests.UserPageTest">
    <failure type="java.lang.AssertionError" message="wrong title fetched expected [CounselLink - Corporate Customer Administration: Individual Viewww] but found [CounselLink - Corporate Customer Administration: Individual View]">
      <![CDATA[java.lang.AssertionError: wrong title fetched expected [CounselLink - Corporate Customer Administration: Individual Viewww] but found [CounselLink - Corporate Customer Administration: Individual View]
at com.lexisnexis.cl.q7.tests.UserPageTest.verifyUserpageTitleTest(UserPageTest.java:51)
... Removed 30 stack frames]]>
    </failure>
  </testcase> <!-- verifyUserpageTitleTest -->
  <testcase name="verifyPageHeadingTest" time="1.49" classname="com.lexisnexis.cl.q7.tests.MatterListPageTest"/>
  <testcase name="validateLogoTest" time="0.114" classname="com.lexisnexis.cl.q7.tests.LoginTest"/>
  <testcase name="verifyMatterLink" time="0.443" classname="com.lexisnexis.cl.q7.tests.HomeUserPageTest"/>
  <testcase name="validateEnterClientTest" time="0.826" classname="com.lexisnexis.cl.q7.tests.CorporateCustomerTest"/>
  <testcase name="validateCorporateSearchLinkTest" time="1.767" classname="com.lexisnexis.cl.q7.tests.HomePageTest"/>
  <testcase name="verifyCreationOfMatterTest" time="4.093" classname="com.lexisnexis.cl.q7.tests.MatterCreationPageTest"/>
  <testcase name="verifyOfficeLinkTest" time="0.774" classname="com.lexisnexis.cl.q7.tests.CustomerListPageTest"/>
  <testcase name="verifyUserIdLinkTest" time="0.613" classname="com.lexisnexis.cl.q7.tests.OfficePageTest"/>
  <testcase name="verifyLoginBtnLinkTest" time="6.501" classname="com.lexisnexis.cl.q7.tests.UserPageTest"/>
  <testcase name="verifyCreateMatterLinkTest" time="1.825" classname="com.lexisnexis.cl.q7.tests.MatterListPageTest"/>
  <testcase name="validateLogin" time="0.79" classname="com.lexisnexis.cl.q7.tests.LoginTest"/>
</testsuite> <!-- Smoke Test -->
