<?xml version="1.0" encoding="UTF-8"?>
<testng-results skipped="0" failed="1" ignored="0" total="2" passed="1">
  <reporter-output>
  </reporter-output>
  <suite name="Matter Suite" duration-ms="48663" started-at="2020-09-07T12:10:01Z" finished-at="2020-09-07T12:10:49Z">
    <groups>
    </groups>
    <test name="Matter Creation test" duration-ms="48663" started-at="2020-09-07T12:10:01Z" finished-at="2020-09-07T12:10:49Z">
      <class name="com.lexisnexis.cl.q7.tests.MatterCreationPageTest">
        <test-method status="PASS" signature="setUp()[pri:0, instance:com.lexisnexis.cl.q7.tests.MatterCreationPageTest@523884b2]" name="setUp" is-config="true" duration-ms="22878" started-at="2020-09-07T12:10:01Z" finished-at="2020-09-07T12:10:24Z">
          <reporter-output>
          </reporter-output>
        </test-method> <!-- setUp -->
        <test-method status="FAIL" signature="verifyCreateMatterTitleTest()[pri:1, instance:com.lexisnexis.cl.q7.tests.MatterCreationPageTest@523884b2]" name="verifyCreateMatterTitleTest" duration-ms="1659" started-at="2020-09-07T12:10:24Z" finished-at="2020-09-07T12:10:25Z">
          <exception class="java.lang.AssertionError">
            <message>
              <![CDATA[something is missing expected [CounselLink - Matt Create] but found []]]>
            </message>
            <full-stacktrace>
              <![CDATA[java.lang.AssertionError: something is missing expected [CounselLink - Matt Create] but found []
at org.testng.Assert.fail(Assert.java:96)
at org.testng.Assert.failNotEquals(Assert.java:776)
at org.testng.Assert.assertEqualsImpl(Assert.java:137)
at org.testng.Assert.assertEquals(Assert.java:118)
at org.testng.Assert.assertEquals(Assert.java:453)
at com.lexisnexis.cl.q7.tests.MatterCreationPageTest.verifyCreateMatterTitleTest(MatterCreationPageTest.java:65)
at sun.reflect.NativeMethodAccessorImpl.invoke0(Native Method)
at sun.reflect.NativeMethodAccessorImpl.invoke(NativeMethodAccessorImpl.java:62)
at sun.reflect.DelegatingMethodAccessorImpl.invoke(DelegatingMethodAccessorImpl.java:43)
at java.lang.reflect.Method.invoke(Method.java:498)
at org.testng.internal.MethodInvocationHelper.invokeMethod(MethodInvocationHelper.java:124)
at org.testng.internal.Invoker.invokeMethod(Invoker.java:583)
at org.testng.internal.Invoker.invokeTestMethod(Invoker.java:719)
at org.testng.internal.Invoker.invokeTestMethods(Invoker.java:989)
at org.testng.internal.TestMethodWorker.invokeTestMethods(TestMethodWorker.java:125)
at org.testng.internal.TestMethodWorker.run(TestMethodWorker.java:109)
at org.testng.TestRunner.privateRun(TestRunner.java:648)
at org.testng.TestRunner.run(TestRunner.java:505)
at org.testng.SuiteRunner.runTest(SuiteRunner.java:455)
at org.testng.SuiteRunner.runSequentially(SuiteRunner.java:450)
at org.testng.SuiteRunner.privateRun(SuiteRunner.java:415)
at org.testng.SuiteRunner.run(SuiteRunner.java:364)
at org.testng.SuiteRunnerWorker.runSuite(SuiteRunnerWorker.java:52)
at org.testng.SuiteRunnerWorker.run(SuiteRunnerWorker.java:84)
at org.testng.TestNG.runSuitesSequentially(TestNG.java:1208)
at org.testng.TestNG.runSuitesLocally(TestNG.java:1137)
at org.testng.TestNG.runSuites(TestNG.java:1049)
at org.testng.TestNG.run(TestNG.java:1017)
at org.testng.remote.AbstractRemoteTestNG.run(AbstractRemoteTestNG.java:115)
at org.testng.remote.RemoteTestNG.initAndRun(RemoteTestNG.java:251)
at org.testng.remote.RemoteTestNG.main(RemoteTestNG.java:77)
]]>
            </full-stacktrace>
          </exception> <!-- java.lang.AssertionError -->
          <reporter-output>
          </reporter-output>
        </test-method> <!-- verifyCreateMatterTitleTest -->
        <test-method status="PASS" signature="tearDown()[pri:0, instance:com.lexisnexis.cl.q7.tests.MatterCreationPageTest@523884b2]" name="tearDown" is-config="true" duration-ms="1" started-at="2020-09-07T12:10:25Z" finished-at="2020-09-07T12:10:25Z">
          <reporter-output>
          </reporter-output>
        </test-method> <!-- tearDown -->
        <test-method status="PASS" signature="setUp()[pri:0, instance:com.lexisnexis.cl.q7.tests.MatterCreationPageTest@523884b2]" name="setUp" is-config="true" duration-ms="20002" started-at="2020-09-07T12:10:25Z" finished-at="2020-09-07T12:10:45Z">
          <reporter-output>
          </reporter-output>
        </test-method> <!-- setUp -->
        <test-method status="PASS" signature="verifyCreationOfMatterTest()[pri:2, instance:com.lexisnexis.cl.q7.tests.MatterCreationPageTest@523884b2]" name="verifyCreationOfMatterTest" duration-ms="4042" started-at="2020-09-07T12:10:45Z" finished-at="2020-09-07T12:10:49Z">
          <reporter-output>
          </reporter-output>
        </test-method> <!-- verifyCreationOfMatterTest -->
        <test-method status="PASS" signature="tearDown()[pri:0, instance:com.lexisnexis.cl.q7.tests.MatterCreationPageTest@523884b2]" name="tearDown" is-config="true" duration-ms="0" started-at="2020-09-07T12:10:49Z" finished-at="2020-09-07T12:10:49Z">
          <reporter-output>
          </reporter-output>
        </test-method> <!-- tearDown -->
      </class> <!-- com.lexisnexis.cl.q7.tests.MatterCreationPageTest -->
    </test> <!-- Matter Creation test -->
  </suite> <!-- Matter Suite -->
</testng-results>
